<?xml version="1.0" encoding="UTF-8"?>
<!-- Generated by org.testng.reporters.JUnitReportReporter -->
<testsuite skipped="1" hostname="RajaMini" name="basic.groups" tests="2" failures="0" timestamp="03 Jul 2017 18:51:52 GMT" time="0.036" errors="0">
  <testcase name="tc4" time="0.036" classname="basic.groups"/>
  <testcase name="tc3" classname="basic.groups">
    <skipped/>
  </testcase> <!-- tc3 -->
</testsuite> <!-- basic.groups -->
