<?xml version="1.0" encoding="UTF-8"?>
<!-- Generated by org.testng.reporters.JUnitReportReporter -->
<testsuite skipped="0" hostname="RajaMini" name="basic.FileUpload" tests="1" failures="0" timestamp="12 Jul 2017 21:53:00 GMT" time="22.531" errors="0">
  <testcase name="Fileupload" time="22.531" classname="basic.FileUpload"/>
</testsuite> <!-- basic.FileUpload -->
