<?xml version="1.0" encoding="UTF-8"?>
<!-- Generated by org.testng.reporters.JUnitReportReporter -->
<testsuite skipped="0" hostname="RajaMini" name="basic.hello" tests="7" failures="0" timestamp="20 May 2019 01:05:35 GMT" time="0.052" errors="0">
  <testcase name="tc7" time="0.006" classname="basic.hello"/>
  <testcase name="tc3" time="0.009" classname="basic.hello"/>
  <testcase name="tc6" time="0.008" classname="basic.hello"/>
  <testcase name="tc1" time="0.008" classname="basic.hello"/>
  <testcase name="tc4" time="0.005" classname="basic.hello"/>
  <testcase name="tc2" time="0.004" classname="basic.hello"/>
  <testcase name="tc5" time="0.012" classname="basic.hello"/>
</testsuite> <!-- basic.hello -->
