<?xml version="1.0" encoding="UTF-8"?>
<!-- Generated by org.testng.reporters.JUnitReportReporter -->
<testsuite skipped="0" hostname="RajaMini" name="basic.sample" tests="2" failures="0" timestamp="20 May 2019 21:10:30 GMT" time="13.305" errors="0">
  <testcase name="testcase1" time="13.299" classname="basic.sample"/>
  <testcase name="testcase2" time="0.006" classname="basic.sample"/>
</testsuite> <!-- basic.sample -->
